<?xml version="1.0" encoding="utf-8"?><testsuites name="pytest tests"><testsuite name="pytest" errors="0" failures="0" skipped="0" tests="25" time="3.308" timestamp="2026-07-12T04:50:44.699413+00:00" hostname="agent-env-3d169a36-1a1d-460b-98b6-50580b6d25a4"><testcase classname="tests.backend_test.TestAuth" name="test_login_success" time="0.365" /><testcase classname="tests.backend_test.TestVehiclesPublic" name="test_list_vehicles" time="0.368" /><testcase classname="tests.backend_test.TestAuth" name="test_login_invalid" time="0.409" /><testcase classname="tests.backend_test.TestVehiclesPublic" name="test_list_featured" time="0.114" /><testcase classname="tests.backend_test.TestVehiclesPublic" name="test_filter_by_make" time="0.252" /><testcase classname="tests.backend_test.TestVehiclesPublic" name="test_filter_by_fuel" time="0.112" /><testcase classname="tests.backend_test.TestAuth" name="test_login_unknown_user" time="0.131" /><testcase classname="tests.backend_test.TestVehiclesPublic" name="test_search" time="0.094" /><testcase classname="tests.backend_test.TestAuth" name="test_me_requires_auth" time="0.090" /><testcase classname="tests.backend_test.TestVehiclesPublic" name="test_makes_endpoint" time="0.135" /><testcase classname="tests.backend_test.TestVehiclesPublic" name="test_get_vehicle_detail" time="0.300" /><testcase classname="tests.backend_test.TestAuth" name="test_me_with_token" time="0.466" /><testcase classname="tests.backend_test.TestVehiclesPublic" name="test_get_vehicle_bad_id" time="0.143" /><testcase classname="tests.backend_test.TestAppointments" name="test_create_appointment_public" time="0.092" /><testcase classname="tests.backend_test.TestContact" name="test_create_contact_public" time="0.123" /><testcase classname="tests.backend_test.TestAppointments" name="test_list_appointments_requires_auth" time="0.096" /><testcase classname="tests.backend_test.TestContact" name="test_list_contact_requires_auth" time="0.093" /><testcase classname="tests.backend_test.TestAppointments" name="test_list_appointments_authed" time="0.093" /><testcase classname="tests.backend_test.TestAppointments" name="test_status_update_flow" time="0.587" /><testcase classname="tests.backend_test.TestContact" name="test_list_contact_authed" time="0.416" /><testcase classname="tests.backend_test.TestVehiclesAdmin" name="test_create_requires_auth" time="0.101" /><testcase classname="tests.backend_test.TestVehiclesAdmin" name="test_full_crud" time="0.404" /><testcase classname="tests.backend_test.TestAdminStats" name="test_stats_requires_auth" time="0.131" /><testcase classname="tests.backend_test.TestAdminStats" name="test_stats" time="0.133" /><testcase classname="tests.backend_test.TestHealth" name="test_root" time="0.136" /></testsuite></testsuites>